15/03/2025 10:06:26 a. m. - No se pudo eliminar el programa: An error occurred while saving the entity changes. See the inner exception for details.
15/03/2025 10:06:34 a. m. - System.Exception: No se pudo agregar el programa: An error occurred while saving the entity changes. See the inner exception for details.
   at bienesoft.Models.ProgramServices.AddProgram(ProgramModel program) in C:\Users\SENA\Documents\Proyecto Bienesoft\bienesoft\Backend\bienesoft\Services\Program.Services.cs:line 124
   at bienesoft.Controllers.ProgramController.AddProgram(ProgramModel program) in C:\Users\SENA\Documents\Proyecto Bienesoft\bienesoft\Backend\bienesoft\Controllers\Program.Controller.cs:line 37
15/03/2025 10:10:07 a. m. - System.Exception: Error de validación: El programa con el ID 1 ya existe.
   at bienesoft.Models.ProgramServices.AddProgram(ProgramModel program) in C:\Users\SENA\Documents\Proyecto Bienesoft\bienesoft\Backend\bienesoft\Services\Program.Services.cs:line 120
   at bienesoft.Controllers.ProgramController.AddProgram(ProgramModel program) in C:\Users\SENA\Documents\Proyecto Bienesoft\bienesoft\Backend\bienesoft\Controllers\Program.Controller.cs:line 37
15/03/2025 10:29:44 a. m. - System.Exception: No se pudo agregar el programa: An error occurred while saving the entity changes. See the inner exception for details.
   at bienesoft.Models.ProgramServices.AddProgram(ProgramModel program) in C:\Users\SENA\Documents\Proyecto Bienesoft\bienesoft\Backend\bienesoft\Services\Program.Services.cs:line 119
   at bienesoft.Controllers.ProgramController.AddProgram(ProgramModel program) in C:\Users\SENA\Documents\Proyecto Bienesoft\bienesoft\Backend\bienesoft\Controllers\Program.Controller.cs:line 37
15/03/2025 10:38:47 a. m. - System.Exception: Error de validación: El programa con el ID 1 ya existe.
   at bienesoft.Models.ProgramServices.AddProgram(ProgramModel program) in C:\Users\SENA\Documents\Proyecto Bienesoft\bienesoft\Backend\bienesoft\Services\Program.Services.cs:line 115
   at bienesoft.Controllers.ProgramController.AddProgram(ProgramModel program) in C:\Users\SENA\Documents\Proyecto Bienesoft\bienesoft\Backend\bienesoft\Controllers\Program.Controller.cs:line 37
15/03/2025 10:39:11 a. m. - System.Exception: No se pudo agregar el programa: An error occurred while saving the entity changes. See the inner exception for details.
   at bienesoft.Models.ProgramServices.AddProgram(ProgramModel program) in C:\Users\SENA\Documents\Proyecto Bienesoft\bienesoft\Backend\bienesoft\Services\Program.Services.cs:line 119
   at bienesoft.Controllers.ProgramController.AddProgram(ProgramModel program) in C:\Users\SENA\Documents\Proyecto Bienesoft\bienesoft\Backend\bienesoft\Controllers\Program.Controller.cs:line 37
15/03/2025 10:40:47 a. m. - System.Exception: No se pudo agregar el programa: An error occurred while saving the entity changes. See the inner exception for details.
   at bienesoft.Models.ProgramServices.AddProgram(ProgramModel program) in C:\Users\SENA\Documents\Proyecto Bienesoft\bienesoft\Backend\bienesoft\Services\Program.Services.cs:line 119
   at bienesoft.Controllers.ProgramController.AddProgram(ProgramModel program) in C:\Users\SENA\Documents\Proyecto Bienesoft\bienesoft\Backend\bienesoft\Controllers\Program.Controller.cs:line 37
15/03/2025 10:41:59 a. m. - System.Exception: No se pudo agregar el programa: An error occurred while saving the entity changes. See the inner exception for details.
   at bienesoft.Models.ProgramServices.AddProgram(ProgramModel program) in C:\Users\SENA\Documents\Proyecto Bienesoft\bienesoft\Backend\bienesoft\Services\Program.Services.cs:line 119
   at bienesoft.Controllers.ProgramController.AddProgram(ProgramModel program) in C:\Users\SENA\Documents\Proyecto Bienesoft\bienesoft\Backend\bienesoft\Controllers\Program.Controller.cs:line 37
